/** 
***  Change.log edited 6/26/2013 by xueqian
**/
==================================================

version 1.00

% add 6/26/2013
Add model order reduction PRIMA

% add 6/25/2013
Fix some bugs, add comments for every functions

% add 6/24/2013
Add Cmd mode
Add text tutorial, remove user-guide

==================================================
* version 0.99

% add 3/30/2012
Add PULSE waveform

% add 3/29/2012
Add Isrc device, add help manual

% add 3/28/2012
Add SIN waveform

% add 3/25/2012
Add DC SWEEP analysis

% add 3/24/2012
Add AC analysis (linear device only)

% add 3/23/2012
Add two adaptive tran methods

*****
